<?xml version="1.0" encoding="UTF-8"?>
<!-- Generated by org.testng.reporters.JUnitReportReporter -->
<testsuite hostname="DESKTOP-P8351SK" failures="0" tests="1" name="com.EasyCal.TestCases.VerifyEasycalcLogin" time="0.264" errors="0" timestamp="2023-05-26T15:59:48 IST" skipped="0">
  <testcase classname="com.EasyCal.TestCases.VerifyEasycalcLogin" name="loginApp" time="0.264"/>
  <system-out/>
</testsuite> <!-- com.EasyCal.TestCases.VerifyEasycalcLogin -->
